<?xml version="1.0" encoding="UTF-8"?>
<!-- Generated by org.testng.reporters.JUnitReportReporter -->
<testsuite hostname="DESKTOP-4AO1319" failures="0" tests="1" name="tests.CorrectLoginTests" time="21.448" errors="0" timestamp="2023-05-23T22:49:36 CEST" skipped="0">
  <testcase classname="tests.CorrectLoginTests" name="asUserTryToLoginWithCorrectLoginAndPassword" time="21.448"/>
  <system-out/>
</testsuite> <!-- tests.CorrectLoginTests -->
