<?xml version="1.0" encoding="UTF-8"?>
<!-- Generated by org.testng.reporters.JUnitReportReporter -->
<testsuite hostname="DESKTOP-4AO1319" failures="0" tests="1" name="tests.CorrectLoginTests" time="27.863" errors="0" timestamp="2023-04-26T22:43:28 CEST" skipped="0">
  <testcase classname="tests.CorrectLoginTests" name="asUserTryToLoginWithCorrectLoginAndPassword" time="27.863"/>
  <system-out/>
</testsuite> <!-- tests.CorrectLoginTests -->
